<?xml version="1.0" encoding="UTF-8" ?>
<testsuite failures="0" time="1.922" errors="0" skipped="0" tests="4" name="applicationtest.TestMeteoGroupService">
  <properties>
    <property name="java.runtime.name" value="Java(TM) SE Runtime Environment"/>
    <property name="sun.boot.library.path" value="C:\Program Files\Java\jdk1.6.0_25\jre\bin"/>
    <property name="java.vm.version" value="20.0-b11"/>
    <property name="java.vm.vendor" value="Sun Microsystems Inc."/>
    <property name="java.vendor.url" value="http://java.sun.com/"/>
    <property name="path.separator" value=";"/>
    <property name="java.vm.name" value="Java HotSpot(TM) Client VM"/>
    <property name="file.encoding.pkg" value="sun.io"/>
    <property name="user.country" value="DE"/>
    <property name="sun.java.launcher" value="SUN_STANDARD"/>
    <property name="sun.os.patch.level" value="Service Pack 2"/>
    <property name="java.vm.specification.name" value="Java Virtual Machine Specification"/>
    <property name="user.dir" value="C:\dev\workspace_meteogroup\applicationtestMeteogroup\webservice"/>
    <property name="java.runtime.version" value="1.6.0_25-b06"/>
    <property name="java.awt.graphicsenv" value="sun.awt.Win32GraphicsEnvironment"/>
    <property name="basedir" value="C:\dev\workspace_meteogroup\applicationtestMeteogroup\webservice"/>
    <property name="java.endorsed.dirs" value="C:\Program Files\Java\jdk1.6.0_25\jre\lib\endorsed"/>
    <property name="os.arch" value="x86"/>
    <property name="surefire.real.class.path" value="C:\Users\WEATHE~1\AppData\Local\Temp\surefirebooter3803670300847449896.jar"/>
    <property name="java.io.tmpdir" value="C:\Users\WEATHE~1\AppData\Local\Temp\"/>
    <property name="line.separator" value="
"/>
    <property name="java.vm.specification.vendor" value="Sun Microsystems Inc."/>
    <property name="user.variant" value=""/>
    <property name="os.name" value="Windows Vista"/>
    <property name="sun.jnu.encoding" value="Cp1252"/>
    <property name="java.library.path" value="C:\Program Files\Java\jdk1.6.0_25\jre\bin;.;C:\Windows\Sun\Java\bin;C:\Windows\system32;C:\Windows;c:\ruby\bin;C:\Windows\system32;C:\Windows;C:\Windows\System32\Wbem;C:\Program Files\ATI Technologies\ATI.ACE\Core-Static;C:\dev\jzx\apache-maven-2.2.1\bin;C:\Program Files\Subversion\bin;C:\Program Files\QuickTime\QTSystem\;C:\Program Files\Scala\bin;C:\Windows\System32\WindowsPowerShell\v1.0\;C:\Program Files\Calibre2\;C:\Program Files\nodejs\;C:\dev\php-5.4.5-Win32-VC9-x86;C:\Program Files\MySQL\MySQL Server 5.5\bin;C:\dev\apache-maven-3.0.5-bin\apache-maven-3.0.5\bin;D:\Program Files\SlikSvn\bin;C:\Program Files\Git\cmd"/>
    <property name="surefire.test.class.path" value="C:\dev\workspace_meteogroup\applicationtestMeteogroup\webservice\target\test-classes;C:\dev\workspace_meteogroup\applicationtestMeteogroup\webservice\target\classes;C:\dev\workspace_meteogroup\applicationtestMeteogroup\persistence\target\meteogroupService.jar;C:\Users\WeatherGirl\.m2\repository\org\mongodb\mongo-java-driver\2.10.1\mongo-java-driver-2.10.1.jar;C:\Users\WeatherGirl\.m2\repository\log4j\log4j\1.2.17\log4j-1.2.17.jar;C:\Users\WeatherGirl\.m2\repository\javax\ws\rs\jsr311-api\1.1.1\jsr311-api-1.1.1.jar;C:\Users\WeatherGirl\.m2\repository\org\jboss\spec\javax\ejb\jboss-ejb-api_3.1_spec\1.0.2.Final\jboss-ejb-api_3.1_spec-1.0.2.Final.jar;C:\Users\WeatherGirl\.m2\repository\org\springframework\spring-web\3.0.0.RELEASE\spring-web-3.0.0.RELEASE.jar;C:\Users\WeatherGirl\.m2\repository\aopalliance\aopalliance\1.0\aopalliance-1.0.jar;C:\Users\WeatherGirl\.m2\repository\org\springframework\spring-beans\3.0.0.RELEASE\spring-beans-3.0.0.RELEASE.jar;C:\Users\WeatherGirl\.m2\repository\org\springframework\spring-core\3.0.0.RELEASE\spring-core-3.0.0.RELEASE.jar;C:\Users\WeatherGirl\.m2\repository\org\springframework\spring-asm\3.0.0.RELEASE\spring-asm-3.0.0.RELEASE.jar;C:\Users\WeatherGirl\.m2\repository\commons-logging\commons-logging\1.1.1\commons-logging-1.1.1.jar;C:\Users\WeatherGirl\.m2\repository\org\springframework\spring-context\3.0.0.RELEASE\spring-context-3.0.0.RELEASE.jar;C:\Users\WeatherGirl\.m2\repository\org\springframework\spring-expression\3.0.0.RELEASE\spring-expression-3.0.0.RELEASE.jar;C:\Users\WeatherGirl\.m2\repository\com\sun\jersey\jersey-client\1.8\jersey-client-1.8.jar;C:\Users\WeatherGirl\.m2\repository\com\sun\jersey\jersey-core\1.8\jersey-core-1.8.jar;C:\Users\WeatherGirl\.m2\repository\dom4j\dom4j\1.6.1\dom4j-1.6.1.jar;C:\Users\WeatherGirl\.m2\repository\xml-apis\xml-apis\1.0.b2\xml-apis-1.0.b2.jar;C:\Users\WeatherGirl\.m2\repository\com\sun\jersey\jersey-json\1.8\jersey-json-1.8.jar;C:\Users\WeatherGirl\.m2\repository\org\codehaus\jettison\jettison\1.1\jettison-1.1.jar;C:\Users\WeatherGirl\.m2\repository\stax\stax-api\1.0.1\stax-api-1.0.1.jar;C:\Users\WeatherGirl\.m2\repository\com\sun\xml\bind\jaxb-impl\2.2.3-1\jaxb-impl-2.2.3-1.jar;C:\Users\WeatherGirl\.m2\repository\javax\xml\bind\jaxb-api\2.2.2\jaxb-api-2.2.2.jar;C:\Users\WeatherGirl\.m2\repository\javax\xml\stream\stax-api\1.0-2\stax-api-1.0-2.jar;C:\Users\WeatherGirl\.m2\repository\javax\activation\activation\1.1\activation-1.1.jar;C:\Users\WeatherGirl\.m2\repository\org\codehaus\jackson\jackson-core-asl\1.7.1\jackson-core-asl-1.7.1.jar;C:\Users\WeatherGirl\.m2\repository\org\codehaus\jackson\jackson-mapper-asl\1.7.1\jackson-mapper-asl-1.7.1.jar;C:\Users\WeatherGirl\.m2\repository\org\codehaus\jackson\jackson-jaxrs\1.7.1\jackson-jaxrs-1.7.1.jar;C:\Users\WeatherGirl\.m2\repository\org\codehaus\jackson\jackson-xc\1.7.1\jackson-xc-1.7.1.jar;C:\Users\WeatherGirl\.m2\repository\junit\junit\4.11\junit-4.11.jar;C:\Users\WeatherGirl\.m2\repository\org\hamcrest\hamcrest-core\1.3\hamcrest-core-1.3.jar;"/>
    <property name="java.specification.name" value="Java Platform API Specification"/>
    <property name="java.class.version" value="50.0"/>
    <property name="sun.management.compiler" value="HotSpot Client Compiler"/>
    <property name="os.version" value="6.0"/>
    <property name="user.home" value="C:\Users\WeatherGirl"/>
    <property name="user.timezone" value="Europe/Berlin"/>
    <property name="java.awt.printerjob" value="sun.awt.windows.WPrinterJob"/>
    <property name="java.specification.version" value="1.6"/>
    <property name="file.encoding" value="Cp1252"/>
    <property name="user.name" value="WeatherGirl"/>
    <property name="java.class.path" value="C:\dev\workspace_meteogroup\applicationtestMeteogroup\webservice\target\test-classes;C:\dev\workspace_meteogroup\applicationtestMeteogroup\webservice\target\classes;C:\dev\workspace_meteogroup\applicationtestMeteogroup\persistence\target\meteogroupService.jar;C:\Users\WeatherGirl\.m2\repository\org\mongodb\mongo-java-driver\2.10.1\mongo-java-driver-2.10.1.jar;C:\Users\WeatherGirl\.m2\repository\log4j\log4j\1.2.17\log4j-1.2.17.jar;C:\Users\WeatherGirl\.m2\repository\javax\ws\rs\jsr311-api\1.1.1\jsr311-api-1.1.1.jar;C:\Users\WeatherGirl\.m2\repository\org\jboss\spec\javax\ejb\jboss-ejb-api_3.1_spec\1.0.2.Final\jboss-ejb-api_3.1_spec-1.0.2.Final.jar;C:\Users\WeatherGirl\.m2\repository\org\springframework\spring-web\3.0.0.RELEASE\spring-web-3.0.0.RELEASE.jar;C:\Users\WeatherGirl\.m2\repository\aopalliance\aopalliance\1.0\aopalliance-1.0.jar;C:\Users\WeatherGirl\.m2\repository\org\springframework\spring-beans\3.0.0.RELEASE\spring-beans-3.0.0.RELEASE.jar;C:\Users\WeatherGirl\.m2\repository\org\springframework\spring-core\3.0.0.RELEASE\spring-core-3.0.0.RELEASE.jar;C:\Users\WeatherGirl\.m2\repository\org\springframework\spring-asm\3.0.0.RELEASE\spring-asm-3.0.0.RELEASE.jar;C:\Users\WeatherGirl\.m2\repository\commons-logging\commons-logging\1.1.1\commons-logging-1.1.1.jar;C:\Users\WeatherGirl\.m2\repository\org\springframework\spring-context\3.0.0.RELEASE\spring-context-3.0.0.RELEASE.jar;C:\Users\WeatherGirl\.m2\repository\org\springframework\spring-expression\3.0.0.RELEASE\spring-expression-3.0.0.RELEASE.jar;C:\Users\WeatherGirl\.m2\repository\com\sun\jersey\jersey-client\1.8\jersey-client-1.8.jar;C:\Users\WeatherGirl\.m2\repository\com\sun\jersey\jersey-core\1.8\jersey-core-1.8.jar;C:\Users\WeatherGirl\.m2\repository\dom4j\dom4j\1.6.1\dom4j-1.6.1.jar;C:\Users\WeatherGirl\.m2\repository\xml-apis\xml-apis\1.0.b2\xml-apis-1.0.b2.jar;C:\Users\WeatherGirl\.m2\repository\com\sun\jersey\jersey-json\1.8\jersey-json-1.8.jar;C:\Users\WeatherGirl\.m2\repository\org\codehaus\jettison\jettison\1.1\jettison-1.1.jar;C:\Users\WeatherGirl\.m2\repository\stax\stax-api\1.0.1\stax-api-1.0.1.jar;C:\Users\WeatherGirl\.m2\repository\com\sun\xml\bind\jaxb-impl\2.2.3-1\jaxb-impl-2.2.3-1.jar;C:\Users\WeatherGirl\.m2\repository\javax\xml\bind\jaxb-api\2.2.2\jaxb-api-2.2.2.jar;C:\Users\WeatherGirl\.m2\repository\javax\xml\stream\stax-api\1.0-2\stax-api-1.0-2.jar;C:\Users\WeatherGirl\.m2\repository\javax\activation\activation\1.1\activation-1.1.jar;C:\Users\WeatherGirl\.m2\repository\org\codehaus\jackson\jackson-core-asl\1.7.1\jackson-core-asl-1.7.1.jar;C:\Users\WeatherGirl\.m2\repository\org\codehaus\jackson\jackson-mapper-asl\1.7.1\jackson-mapper-asl-1.7.1.jar;C:\Users\WeatherGirl\.m2\repository\org\codehaus\jackson\jackson-jaxrs\1.7.1\jackson-jaxrs-1.7.1.jar;C:\Users\WeatherGirl\.m2\repository\org\codehaus\jackson\jackson-xc\1.7.1\jackson-xc-1.7.1.jar;C:\Users\WeatherGirl\.m2\repository\junit\junit\4.11\junit-4.11.jar;C:\Users\WeatherGirl\.m2\repository\org\hamcrest\hamcrest-core\1.3\hamcrest-core-1.3.jar;"/>
    <property name="java.vm.specification.version" value="1.0"/>
    <property name="sun.arch.data.model" value="32"/>
    <property name="java.home" value="C:\Program Files\Java\jdk1.6.0_25\jre"/>
    <property name="sun.java.command" value="C:\Users\WEATHE~1\AppData\Local\Temp\surefirebooter3803670300847449896.jar C:\Users\WEATHE~1\AppData\Local\Temp\surefire2931275480154678920tmp C:\Users\WEATHE~1\AppData\Local\Temp\surefire3887220732946171621tmp"/>
    <property name="java.specification.vendor" value="Sun Microsystems Inc."/>
    <property name="user.language" value="de"/>
    <property name="awt.toolkit" value="sun.awt.windows.WToolkit"/>
    <property name="java.vm.info" value="mixed mode, sharing"/>
    <property name="java.version" value="1.6.0_25"/>
    <property name="java.ext.dirs" value="C:\Program Files\Java\jdk1.6.0_25\jre\lib\ext;C:\Windows\Sun\Java\lib\ext"/>
    <property name="sun.boot.class.path" value="C:\Program Files\Java\jdk1.6.0_25\jre\lib\resources.jar;C:\Program Files\Java\jdk1.6.0_25\jre\lib\rt.jar;C:\Program Files\Java\jdk1.6.0_25\jre\lib\sunrsasign.jar;C:\Program Files\Java\jdk1.6.0_25\jre\lib\jsse.jar;C:\Program Files\Java\jdk1.6.0_25\jre\lib\jce.jar;C:\Program Files\Java\jdk1.6.0_25\jre\lib\charsets.jar;C:\Program Files\Java\jdk1.6.0_25\jre\lib\modules\jdk.boot.jar;C:\Program Files\Java\jdk1.6.0_25\jre\classes"/>
    <property name="java.vendor" value="Sun Microsystems Inc."/>
    <property name="localRepository" value="C:\Users\WeatherGirl\.m2\repository"/>
    <property name="file.separator" value="\"/>
    <property name="java.vendor.url.bug" value="http://java.sun.com/cgi-bin/bugreport.cgi"/>
    <property name="sun.cpu.endian" value="little"/>
    <property name="sun.io.unicode.encoding" value="UnicodeLittle"/>
    <property name="sun.desktop" value="windows"/>
    <property name="sun.cpu.isalist" value="pentium_pro+mmx pentium_pro pentium+mmx pentium i486 i386 i86"/>
  </properties>
  <testcase time="1.079" classname="applicationtest.TestMeteoGroupService" name="getPersonByIdWithSuccessAndCorrectResult"/>
  <testcase time="0.239" classname="applicationtest.TestMeteoGroupService" name="getPersonByIdWithSuccess"/>
  <testcase time="0.231" classname="applicationtest.TestMeteoGroupService" name="getPersonByIdThatDoesNotExist"/>
  <testcase time="0.253" classname="applicationtest.TestMeteoGroupService" name="createNewPerson"/>
</testsuite>